<?xml version="1.0" encoding="UTF-8"?>
<!-- Generated by org.testng.reporters.JUnitXMLReporter -->
<testsuite ignored="0" hostname="Yeteendra" failures="0" tests="6" name="Test" time="4.121" errors="0" timestamp="2024-03-03T14:40:32 IST">
  <testcase classname="com.selenium.automation.resorces.BaseTest" name="@BeforeMethod launch_application" time="3.73">
    <failure type="org.openqa.selenium.WebDriverException" message="unknown error: net::ERR_INTERNET_DISCONNECTED
  (Session info: chrome=122.0.6261.57)
Build info: version: &amp;apos;4.17.0&amp;apos;, revision: &amp;apos;e52b1be057*&amp;apos;
System info: os.name: &amp;apos;Windows 11&amp;apos;, os.arch: &amp;apos;amd64&amp;apos;, os.version: &amp;apos;10.0&amp;apos;, java.version: &amp;apos;19.0.1&amp;apos;
Driver info: org.openqa.selenium.chrome.ChromeDriver
Command: [87c6c7462d84ae5a0bbae7895fb7e41e, get {url=https://bhauautomationlab.com/}]
Capabilities {acceptInsecureCerts: false, browserName: chrome, browserVersion: 122.0.6261.57, chrome: {chromedriverVersion: 122.0.6261.94 (880dbf29479c..., userDataDir: C:\Users\yraut\AppData\Loca...}, fedcm:accounts: true, goog:chromeOptions: {debuggerAddress: localhost:50712}, networkConnectionEnabled: false, pageLoadStrategy: normal, platformName: windows, proxy: Proxy(), se:cdp: ws://localhost:50712/devtoo..., se:cdpVersion: 122.0.6261.57, setWindowRect: true, strictFileInteractability: false, timeouts: {implicit: 0, pageLoad: 300000, script: 30000}, unhandledPromptBehavior: dismiss and notify, webauthn:extension:credBlob: true, webauthn:extension:largeBlob: true, webauthn:extension:minPinLength: true, webauthn:extension:prf: true, webauthn:virtualAuthenticators: true}
Session ID: 87c6c7462d84ae5a0bbae7895fb7e41e">
      <![CDATA[org.openqa.selenium.WebDriverException: unknown error: net::ERR_INTERNET_DISCONNECTED
  (Session info: chrome=122.0.6261.57)
Build info: version: '4.17.0', revision: 'e52b1be057*'
System info: os.name: 'Windows 11', os.arch: 'amd64', os.version: '10.0', java.version: '19.0.1'
Driver info: org.openqa.selenium.chrome.ChromeDriver
Command: [87c6c7462d84ae5a0bbae7895fb7e41e, get {url=https://bhauautomationlab.com/}]
Capabilities {acceptInsecureCerts: false, browserName: chrome, browserVersion: 122.0.6261.57, chrome: {chromedriverVersion: 122.0.6261.94 (880dbf29479c..., userDataDir: C:\Users\yraut\AppData\Loca...}, fedcm:accounts: true, goog:chromeOptions: {debuggerAddress: localhost:50712}, networkConnectionEnabled: false, pageLoadStrategy: normal, platformName: windows, proxy: Proxy(), se:cdp: ws://localhost:50712/devtoo..., se:cdpVersion: 122.0.6261.57, setWindowRect: true, strictFileInteractability: false, timeouts: {implicit: 0, pageLoad: 300000, script: 30000}, unhandledPromptBehavior: dismiss and notify, webauthn:extension:credBlob: true, webauthn:extension:largeBlob: true, webauthn:extension:minPinLength: true, webauthn:extension:prf: true, webauthn:virtualAuthenticators: true}
Session ID: 87c6c7462d84ae5a0bbae7895fb7e41e
at org.openqa.selenium.remote.codec.w3c.W3CHttpResponseCodec.createException(W3CHttpResponseCodec.java:185)
at org.openqa.selenium.remote.codec.w3c.W3CHttpResponseCodec.decode(W3CHttpResponseCodec.java:134)
at org.openqa.selenium.remote.codec.w3c.W3CHttpResponseCodec.decode(W3CHttpResponseCodec.java:51)
at org.openqa.selenium.remote.HttpCommandExecutor.execute(HttpCommandExecutor.java:190)
at org.openqa.selenium.remote.service.DriverCommandExecutor.invokeExecute(DriverCommandExecutor.java:216)
at org.openqa.selenium.remote.service.DriverCommandExecutor.execute(DriverCommandExecutor.java:174)
at org.openqa.selenium.remote.RemoteWebDriver.execute(RemoteWebDriver.java:519)
at org.openqa.selenium.remote.RemoteWebDriver.get(RemoteWebDriver.java:301)
at com.selenium.automation.resorces.BaseTest.launch_application(BaseTest.java:62)
at java.base/java.util.ArrayList.forEach(ArrayList.java:1511)
... Removed 32 stack frames]]>
    </failure>
  </testcase> <!-- @BeforeMethod launch_application -->
  <testcase classname="com.selenium.automation.application_login_test" name="@BeforeMethod basicSetup" time="0.0">
    <skipped/>
  </testcase> <!-- @BeforeMethod basicSetup -->
  <testcase classname="com.selenium.automation.resorces.BaseTest" name="@AfterMethod tearDown" time="0.0">
    <skipped/>
  </testcase> <!-- @AfterMethod tearDown -->
  <testcase classname="com.selenium.automation.resorces.BaseTest" name="@BeforeMethod launch_application" time="0.0">
    <skipped/>
  </testcase> <!-- @BeforeMethod launch_application -->
  <testcase classname="com.selenium.automation.application_login_test" name="@BeforeMethod basicSetup" time="0.0">
    <skipped/>
  </testcase> <!-- @BeforeMethod basicSetup -->
  <testcase classname="com.selenium.automation.resorces.BaseTest" name="@AfterMethod tearDown" time="0.0">
    <skipped/>
  </testcase> <!-- @AfterMethod tearDown -->
  <testcase classname="com.selenium.automation.resorces.BaseTest" name="@BeforeMethod launch_application" time="0.0">
    <skipped/>
  </testcase> <!-- @BeforeMethod launch_application -->
  <testcase classname="com.selenium.automation.application_login_test" name="@BeforeMethod basicSetup" time="0.0">
    <skipped/>
  </testcase> <!-- @BeforeMethod basicSetup -->
  <testcase classname="com.selenium.automation.resorces.BaseTest" name="@AfterMethod tearDown" time="0.0">
    <skipped/>
  </testcase> <!-- @AfterMethod tearDown -->
  <testcase classname="com.selenium.automation.resorces.BaseTest" name="@BeforeMethod launch_application" time="0.0">
    <skipped/>
  </testcase> <!-- @BeforeMethod launch_application -->
  <testcase classname="com.selenium.automation.application_login_test" name="@BeforeMethod basicSetup" time="0.0">
    <skipped/>
  </testcase> <!-- @BeforeMethod basicSetup -->
  <testcase classname="com.selenium.automation.resorces.BaseTest" name="@AfterMethod tearDown" time="0.0">
    <skipped/>
  </testcase> <!-- @AfterMethod tearDown -->
  <testcase classname="com.selenium.automation.resorces.BaseTest" name="@BeforeMethod launch_application" time="0.0">
    <skipped/>
  </testcase> <!-- @BeforeMethod launch_application -->
  <testcase classname="com.selenium.automation.application_login_test" name="@BeforeMethod basicSetup" time="0.0">
    <skipped/>
  </testcase> <!-- @BeforeMethod basicSetup -->
  <testcase classname="com.selenium.automation.resorces.BaseTest" name="@AfterMethod tearDown" time="0.0">
    <skipped/>
  </testcase> <!-- @AfterMethod tearDown -->
  <testcase classname="com.selenium.automation.resorces.BaseTest" name="@BeforeMethod launch_application" time="0.0">
    <skipped/>
  </testcase> <!-- @BeforeMethod launch_application -->
  <testcase classname="com.selenium.automation.application_login_test" name="@BeforeMethod basicSetup" time="0.0">
    <skipped/>
  </testcase> <!-- @BeforeMethod basicSetup -->
  <testcase classname="com.selenium.automation.resorces.BaseTest" name="@AfterMethod tearDown" time="0.0">
    <skipped/>
  </testcase> <!-- @AfterMethod tearDown -->
  <testcase classname="com.selenium.automation.application_login_test" name="login_page_url_test" time="0.001">
    <skipped/>
  </testcase> <!-- login_page_url_test -->
  <testcase classname="com.selenium.automation.application_login_test" name="login_page_tile_test" time="0.001">
    <skipped/>
  </testcase> <!-- login_page_tile_test -->
  <testcase classname="com.selenium.automation.application_login_test" name="login_with_invalid_password" time="0.001">
    <skipped/>
  </testcase> <!-- login_with_invalid_password -->
  <testcase classname="com.selenium.automation.application_login_test" name="log_in_with_invalid_credentials" time="0.0">
    <skipped/>
  </testcase> <!-- log_in_with_invalid_credentials -->
  <testcase classname="com.selenium.automation.application_login_test" name="login_with_blank_username_and_password" time="0.0">
    <skipped/>
  </testcase> <!-- login_with_blank_username_and_password -->
  <testcase classname="com.selenium.automation.application_login_test" name="sign_in_withCredential" time="0.001">
    <skipped/>
  </testcase> <!-- sign_in_withCredential -->
</testsuite> <!-- Test -->
